{"C:\\Users\\eddiaz\\Documents\\GitHub\\NodeJS\\TDD\\testingWithJest\\uppercase.js": {"path":"C:\\Users\\eddiaz\\Documents\\GitHub\\NodeJS\\TDD\\testingWithJest\\uppercase.js","statementMap":{"0":{"start":{"line":1,"column":0},"end":{"line":3,"column":2}},"1":{"start":{"line":2,"column":4},"end":{"line":2,"column":30}}},"fnMap":{"0":{"name":"(anonymous_0)","decl":{"start":{"line":1,"column":16},"end":{"line":1,"column":17}},"loc":{"start":{"line":1,"column":22},"end":{"line":3,"column":1}},"line":1}},"branchMap":{},"s":{"0":1,"1":1},"f":{"0":1},"b":{},"_coverageSchema":"1a1c01bbd47fc00a2c39e90264f33305004495a9","hash":"2b86cdd597add081599a8490d2bf68e1c848909d"}
}
